{"D:\\projects\\wordscount\\src\\wordscount.js": {"path":"D:\\projects\\wordscount\\src\\wordscount.js","statementMap":{"0":{"start":{"line":2,"column":21},"end":{"line":2,"column":50}},"1":{"start":{"line":3,"column":2},"end":{"line":8,"column":9}},"2":{"start":{"line":4,"column":4},"end":{"line":7,"column":5}},"3":{"start":{"line":11,"column":0},"end":{"line":11,"column":28}}},"fnMap":{"0":{"name":"wordscount","decl":{"start":{"line":1,"column":9},"end":{"line":1,"column":19}},"loc":{"start":{"line":1,"column":26},"end":{"line":9,"column":1}},"line":1},"1":{"name":"(anonymous_1)","decl":{"start":{"line":3,"column":27},"end":{"line":3,"column":28}},"loc":{"start":{"line":3,"column":44},"end":{"line":8,"column":3}},"line":3}},"branchMap":{"0":{"loc":{"start":{"line":6,"column":14},"end":{"line":6,"column":61}},"type":"cond-expr","locations":[{"start":{"line":6,"column":42},"end":{"line":6,"column":43}},{"start":{"line":6,"column":46},"end":{"line":6,"column":61}}],"line":6}},"s":{"0":4,"1":4,"2":20,"3":1},"f":{"0":4,"1":20},"b":{"0":[12,8]},"_coverageSchema":"332fd63041d2c1bcb487cc26dd0d5f7d97098a6c","hash":"f86880985ef4bb47c82002b960d7bbe8f73ce2ab"}
}
